
∆ /mnt/music/Q/Queen/[1974] Queen - Sheer Heart Attack/02. Queen - Killer Queen.flac
  Artist: Queen
  State: indeterminate
  Trace: evh=d331c282;crg=;rr=;src=mb;cfg=lw90,rg10

Decision Trace
==================================================
Ruleset Version: 1.0
Evidence Hash: d331c282a565e763...
Artist Origin Country: GB

CRG Selection:
  Rule Applied: unknown

RR Selection:

Candidates Considered: 88
  1. Single RG c62156a9...
      First date: 1974-10
  2. Album RG 515b1954...
      First date: 2004
  3. Album RG 69ce61c8...
      First date: 1981-11-03
  4. Album RG e7ad7dc7...
      First date: 1981
  5. Single RG 178f6e5d...
      First date: 1984

Missing Facts:
  - tie_between_8_release_groups_with_same_earliest_date

Config:
  Lead Window: 90 days
  Reissue Gap: 10 years

Missing Facts:
  - tie_between_8_release_groups_with_same_earliest_date
